2024-03-16 21:17:13,474 [INFO] Activator:176 - 


2024-03-16 21:17:13,481 [INFO] Activator:177 - !SESSION log4j initialized
2024-03-16 21:17:23,620 [INFO] LogOutputStream:77 - [STDOUT_REDIRECT] 
2024-03-16 21:17:30,360 [INFO] ApplicationProperties:184 - Using Application install path: C:\ST\STM32CubeIDE_1.12.1\STM32CubeIDE\plugins\com.st.stm32cube.common.mx_6.10.0.202311202037
2024-03-16 21:17:30,391 [INFO] DbMcusXml:78 - Set database path to: C:\ST\STM32CubeIDE_1.12.1\STM32CubeIDE\plugins\com.st.stm32cube.common.mx_6.10.0.202311202037\\db\/mcu/
2024-03-16 21:17:30,391 [INFO] ApiDb:274 - Set plugin database path to: C:\ST\STM32CubeIDE_1.12.1\STM32CubeIDE\plugins\com.st.stm32cube.common.mx_6.10.0.202311202037\\db\/plugins/boardmanager/
2024-03-16 21:17:30,391 [WARN] ApiDb:259 - Overriding images path with different value:  => C:\ST\STM32CubeIDE_1.12.1\STM32CubeIDE\plugins\com.st.stm32cube.common.mx_6.10.0.202311202037\\db\/plugins/mcufinder/images/
2024-03-16 21:17:30,407 [INFO] ApiDb:250 - Set database path to: C:\Users\Michael\.stmcufinder\plugins\mcufinder//mcu/
2024-03-16 21:17:30,422 [INFO] DbMcusAds:125 - Set database path to: C:\Users\Michael\.stmcufinder\plugins\mcufinder//mcu/
2024-03-16 21:17:30,422 [INFO] CrossReferenceDbSqlite:203 - Set database path to: C:\Users\Michael\.stmcufinder\plugins\mcufinder//mcu/cs/
2024-03-16 21:17:30,639 [INFO] RulesReader:64 - Compatibility file has been processed (297 Rules)
2024-03-16 21:17:30,764 [INFO] DbMcusXml:78 - Set database path to: C:\ST\STM32CubeIDE_1.12.1\STM32CubeIDE\plugins\com.st.stm32cube.common.mx_6.10.0.202311202037\\db\/mcu/
2024-03-16 21:17:30,764 [INFO] ApiDb:274 - Set plugin database path to: C:\ST\STM32CubeIDE_1.12.1\STM32CubeIDE\plugins\com.st.stm32cube.common.mx_6.10.0.202311202037\\db\/plugins/boardmanager/
2024-03-16 21:17:30,764 [INFO] ApiDb:261 - Set plugin images path to: C:\ST\STM32CubeIDE_1.12.1\STM32CubeIDE\plugins\com.st.stm32cube.common.mx_6.10.0.202311202037\\db\/plugins/mcufinder/images/
2024-03-16 21:17:30,764 [WARN] DbFile:41 - Overriding database path with different value: C:\Users\Michael\.stmcufinder\plugins\mcufinder/ => C:\Users\Michael\.stmcufinder\plugins\mcufinder
2024-03-16 21:17:30,764 [INFO] ApiDb:250 - Set database path to: C:\Users\Michael\.stmcufinder\plugins\mcufinder//mcu/
2024-03-16 21:17:30,764 [WARN] DbFile:41 - Overriding database path with different value: C:\Users\Michael\.stmcufinder\plugins\mcufinder/ => C:\Users\Michael\.stmcufinder\plugins\mcufinder
2024-03-16 21:17:30,764 [INFO] DbMcusAds:125 - Set database path to: C:\Users\Michael\.stmcufinder\plugins\mcufinder//mcu/
2024-03-16 21:17:30,764 [WARN] DbFile:41 - Overriding database path with different value: C:\Users\Michael\.stmcufinder\plugins\mcufinder/ => C:\Users\Michael\.stmcufinder\plugins\mcufinder
2024-03-16 21:17:30,764 [WARN] DbFile:41 - Overriding database path with different value: C:\Users\Michael\.stmcufinder\plugins\mcufinder/ => C:\Users\Michael\.stmcufinder\plugins\mcufinder
2024-03-16 21:17:30,764 [INFO] CrossReferenceDbSqlite:203 - Set database path to: C:\Users\Michael\.stmcufinder\plugins\mcufinder//mcu/cs/
2024-03-16 21:17:30,862 [INFO] MainPanel:264 - HeapMemory: 268435456
2024-03-16 21:17:31,013 [INFO] DbMcusXml:78 - Set database path to: C:\ST\STM32CubeIDE_1.12.1\STM32CubeIDE\plugins\com.st.stm32cube.common.mx_6.10.0.202311202037\\db\/mcu/
2024-03-16 21:17:31,013 [INFO] ApiDb:274 - Set plugin database path to: C:\ST\STM32CubeIDE_1.12.1\STM32CubeIDE\plugins\com.st.stm32cube.common.mx_6.10.0.202311202037\\db\/plugins/boardmanager/
2024-03-16 21:17:31,013 [INFO] ApiDb:261 - Set plugin images path to: C:\ST\STM32CubeIDE_1.12.1\STM32CubeIDE\plugins\com.st.stm32cube.common.mx_6.10.0.202311202037\\db\/plugins/mcufinder/images/
2024-03-16 21:17:31,013 [WARN] DbFile:41 - Overriding database path with different value: C:\Users\Michael\.stmcufinder\plugins\mcufinder/ => C:\Users\Michael\.stmcufinder\plugins\mcufinder
2024-03-16 21:17:31,013 [INFO] ApiDb:250 - Set database path to: C:\Users\Michael\.stmcufinder\plugins\mcufinder//mcu/
2024-03-16 21:17:31,013 [WARN] DbFile:41 - Overriding database path with different value: C:\Users\Michael\.stmcufinder\plugins\mcufinder/ => C:\Users\Michael\.stmcufinder\plugins\mcufinder
2024-03-16 21:17:31,013 [INFO] DbMcusAds:125 - Set database path to: C:\Users\Michael\.stmcufinder\plugins\mcufinder//mcu/
2024-03-16 21:17:31,013 [WARN] DbFile:41 - Overriding database path with different value: C:\Users\Michael\.stmcufinder\plugins\mcufinder/ => C:\Users\Michael\.stmcufinder\plugins\mcufinder
2024-03-16 21:17:31,013 [WARN] DbFile:41 - Overriding database path with different value: C:\Users\Michael\.stmcufinder\plugins\mcufinder/ => C:\Users\Michael\.stmcufinder\plugins\mcufinder
2024-03-16 21:17:31,013 [INFO] CrossReferenceDbSqlite:203 - Set database path to: C:\Users\Michael\.stmcufinder\plugins\mcufinder//mcu/cs/
2024-03-16 21:17:31,038 [INFO] ApplicationProperties:184 - Using Application install path: C:\ST\STM32CubeIDE_1.12.1\STM32CubeIDE\plugins\com.st.stm32cube.common.mx_6.10.0.202311202037
2024-03-16 21:17:31,038 [INFO] PluginManage:196 - Search for loadable plugins [exclusion list=, ]
2024-03-16 21:17:31,038 [INFO] PluginManage:310 - Check plugin analytics
2024-03-16 21:17:36,284 [INFO] AnalyticsPlugin:253 - Accepted Software Licenses: STM32CubeMX.6.8.1,STM32CubeMX.6.9.0
2024-03-16 21:17:36,284 [INFO] AnalyticsPlugin:255 - Accepted CMSIS Pack Licenses: 
2024-03-16 21:17:36,284 [INFO] AnalyticsPlugin:257 - Accepted Firmware Licenses: 
2024-03-16 21:17:36,284 [INFO] PluginManage:359 - Loaded plugin analytics (category:tool,tabindex:-1)
2024-03-16 21:17:36,284 [INFO] PluginManage:310 - Check plugin cadmodel
2024-03-16 21:17:36,301 [INFO] CADModel:105 - Init CAD model plugin
2024-03-16 21:17:36,301 [INFO] PluginManage:359 - Loaded plugin cadmodel (category:power,tabindex:5)
2024-03-16 21:17:36,301 [INFO] PluginManage:310 - Check plugin clock
2024-03-16 21:17:36,334 [INFO] PluginManage:359 - Loaded plugin clock (category:base,tabindex:2)
2024-03-16 21:17:36,334 [INFO] PluginManage:310 - Check plugin ddr
2024-03-16 21:17:36,334 [INFO] PluginManage:359 - Loaded plugin ddr (category:tool,tabindex:6)
2024-03-16 21:17:36,334 [INFO] PluginManage:310 - Check plugin filemanager
2024-03-16 21:17:36,500 [INFO] PluginManage:359 - Loaded plugin filemanager (category:base,tabindex:10)
2024-03-16 21:17:36,500 [INFO] PluginManage:310 - Check plugin ipmanager
2024-03-16 21:17:36,500 [INFO] PluginManage:359 - Loaded plugin ipmanager (category:base,tabindex:5)
2024-03-16 21:17:36,500 [INFO] PluginManage:310 - Check plugin lpbam
2024-03-16 21:17:36,516 [INFO] PluginManage:359 - Loaded plugin lpbam (category:base,tabindex:0)
2024-03-16 21:17:36,516 [INFO] PluginManage:310 - Check plugin memorymap
2024-03-16 21:17:36,547 [INFO] PluginManage:359 - Loaded plugin memorymap (category:base,tabindex:4)
2024-03-16 21:17:36,547 [INFO] PluginManage:310 - Check plugin pinoutandconfiguration
2024-03-16 21:17:36,563 [INFO] PluginManage:359 - Loaded plugin pinoutandconfiguration (category:base,tabindex:1)
2024-03-16 21:17:36,563 [INFO] PluginManage:310 - Check plugin pinoutconfig
2024-03-16 21:17:36,686 [WARN] SupportedApi:132 - Cannot load RTOS API schema: s4s-elt-must-match.1: The content of 'definitions' must match (annotation?, (simpleType | complexType)?, (unique | key | keyref)*)). A problem was found starting at: attribute.
2024-03-16 21:17:36,851 [INFO] PluginManage:359 - Loaded plugin pinoutconfig (category:base,tabindex:0)
2024-03-16 21:17:36,851 [INFO] PluginManage:310 - Check plugin power
2024-03-16 21:17:36,883 [INFO] PluginManage:359 - Loaded plugin power (category:power,tabindex:4)
2024-03-16 21:17:36,883 [INFO] PluginManage:310 - Check plugin projectmanager
2024-03-16 21:17:36,900 [INFO] PluginManage:359 - Loaded plugin projectmanager (category:projectmanager,tabindex:3)
2024-03-16 21:17:36,900 [INFO] PluginManage:310 - Check plugin thirdparty
2024-03-16 21:17:37,184 [INFO] PluginManage:359 - Loaded plugin thirdparty (category:base,tabindex:-1)
2024-03-16 21:17:37,184 [WARN] IntegrityCheckThread:84 - waiting for thirdparty lock release [integrity check]
2024-03-16 21:17:37,184 [INFO] PluginManage:310 - Check plugin tools
2024-03-16 21:17:37,184 [INFO] IntegrityCheckThread:86 - entering critical section [integrity check]
2024-03-16 21:17:37,184 [INFO] ThirdPartyUpdaterWithRetryManager:70 - Updater plugin not ready yet. [1/15]
2024-03-16 21:17:37,220 [INFO] PluginManage:359 - Loaded plugin tools (category:base,tabindex:7)
2024-03-16 21:17:37,220 [INFO] PluginManage:310 - Check plugin tutovideos
2024-03-16 21:17:37,417 [INFO] PluginManage:359 - Loaded plugin tutovideos (category:base,tabindex:-1)
2024-03-16 21:17:37,417 [INFO] PluginManage:310 - Check plugin updater
2024-03-16 21:17:37,434 [INFO] PluginManage:359 - Loaded plugin updater (category:base,tabindex:12)
2024-03-16 21:17:37,434 [INFO] PluginManage:310 - Check plugin userauth
2024-03-16 21:17:37,434 [INFO] UserAuth:114 - Init User Auth plugin
2024-03-16 21:17:37,434 [INFO] PluginManage:359 - Loaded plugin userauth (category:base,tabindex:14)
2024-03-16 21:17:37,434 [INFO] PluginManage:283 - PluginManage : Loaded plugins [17]
2024-03-16 21:17:37,672 [INFO] PinOutPanel:1499 - setPackage(No Configuration,No Configuration)
2024-03-16 21:17:37,755 [INFO] CADModel:165 - CPN selected for project level
2024-03-16 21:17:37,755 [INFO] CADModel:114 - Register for checkConnection events
2024-03-16 21:17:37,767 [INFO] IPUIPlugin:80 - create IPUIPlugin
2024-03-16 21:17:37,767 [INFO] PluginManager:220 - loadIPPluginJar : add adc
2024-03-16 21:17:37,821 [INFO] IPUIPlugin:80 - create IPUIPlugin
2024-03-16 21:17:37,821 [INFO] PluginManager:220 - loadIPPluginJar : add aes
2024-03-16 21:17:37,867 [INFO] IPUIPlugin:80 - create IPUIPlugin
2024-03-16 21:17:37,867 [INFO] PluginManager:220 - loadIPPluginJar : add can
2024-03-16 21:17:37,884 [INFO] IPUIPlugin:80 - create IPUIPlugin
2024-03-16 21:17:37,884 [INFO] PluginManager:220 - loadIPPluginJar : add comp
2024-03-16 21:17:37,917 [INFO] IPUIPlugin:80 - create IPUIPlugin
2024-03-16 21:17:37,917 [INFO] PluginManager:220 - loadIPPluginJar : add cryp
2024-03-16 21:17:37,956 [INFO] IPUIPlugin:80 - create IPUIPlugin
2024-03-16 21:17:37,957 [INFO] PluginManager:220 - loadIPPluginJar : add dfsdm
2024-03-16 21:17:37,972 [INFO] IPUIPlugin:80 - create IPUIPlugin
2024-03-16 21:17:37,972 [INFO] PluginManager:220 - loadIPPluginJar : add dma
2024-03-16 21:17:38,001 [INFO] IPUIPlugin:80 - create IPUIPlugin
2024-03-16 21:17:38,001 [INFO] PluginManager:220 - loadIPPluginJar : add dma3
2024-03-16 21:17:38,033 [INFO] IPUIPlugin:80 - create IPUIPlugin
2024-03-16 21:17:38,033 [INFO] PluginManager:220 - loadIPPluginJar : add fatfs
2024-03-16 21:17:38,080 [INFO] IPUIPlugin:80 - create IPUIPlugin
2024-03-16 21:17:38,080 [INFO] PluginManager:220 - loadIPPluginJar : add fmc
2024-03-16 21:17:38,096 [INFO] IPUIPlugin:80 - create IPUIPlugin
2024-03-16 21:17:38,096 [INFO] PluginManager:220 - loadIPPluginJar : add freertos
2024-03-16 21:17:38,115 [INFO] IPUIPlugin:80 - create IPUIPlugin
2024-03-16 21:17:38,116 [INFO] PluginManager:220 - loadIPPluginJar : add genericplugin
2024-03-16 21:17:38,209 [INFO] IPUIPlugin:80 - create IPUIPlugin
2024-03-16 21:17:38,209 [INFO] PluginManager:220 - loadIPPluginJar : add gfxmmu
2024-03-16 21:17:38,333 [INFO] IPUIPlugin:80 - create IPUIPlugin
2024-03-16 21:17:38,333 [INFO] PluginManager:220 - loadIPPluginJar : add gic
2024-03-16 21:17:38,349 [INFO] IPUIPlugin:80 - create IPUIPlugin
2024-03-16 21:17:38,349 [INFO] PluginManager:220 - loadIPPluginJar : add gpio
2024-03-16 21:17:38,443 [INFO] IPUIPlugin:80 - create IPUIPlugin
2024-03-16 21:17:38,443 [INFO] PluginManager:220 - loadIPPluginJar : add gtzc
2024-03-16 21:17:38,474 [INFO] IPUIPlugin:80 - create IPUIPlugin
2024-03-16 21:17:38,474 [INFO] PluginManager:220 - loadIPPluginJar : add hash
2024-03-16 21:17:38,529 [INFO] IPUIPlugin:80 - create IPUIPlugin
2024-03-16 21:17:38,529 [INFO] PluginManager:220 - loadIPPluginJar : add i2c
2024-03-16 21:17:38,568 [INFO] IPUIPlugin:80 - create IPUIPlugin
2024-03-16 21:17:38,568 [INFO] PluginManager:220 - loadIPPluginJar : add i2s
2024-03-16 21:17:38,600 [INFO] IPUIPlugin:80 - create IPUIPlugin
2024-03-16 21:17:38,600 [INFO] PluginManager:220 - loadIPPluginJar : add i3c
2024-03-16 21:17:38,717 [INFO] IPUIPlugin:80 - create IPUIPlugin
2024-03-16 21:17:38,717 [INFO] PluginManager:220 - loadIPPluginJar : add ipddr
2024-03-16 21:17:38,812 [INFO] IPUIPlugin:80 - create IPUIPlugin
2024-03-16 21:17:38,812 [INFO] PluginManager:220 - loadIPPluginJar : add linkedlist
2024-03-16 21:17:38,850 [INFO] IPUIPlugin:80 - create IPUIPlugin
2024-03-16 21:17:38,850 [INFO] PluginManager:220 - loadIPPluginJar : add lorawan
2024-03-16 21:17:38,891 [INFO] IPUIPlugin:80 - create IPUIPlugin
2024-03-16 21:17:38,891 [INFO] PluginManager:220 - loadIPPluginJar : add ltdc
2024-03-16 21:17:38,906 [INFO] IPUIPlugin:80 - create IPUIPlugin
2024-03-16 21:17:38,906 [INFO] PluginManager:220 - loadIPPluginJar : add mdma
2024-03-16 21:17:38,918 [INFO] IPUIPlugin:80 - create IPUIPlugin
2024-03-16 21:17:38,919 [INFO] PluginManager:220 - loadIPPluginJar : add nvic
2024-03-16 21:17:38,953 [INFO] IPUIPlugin:80 - create IPUIPlugin
2024-03-16 21:17:38,953 [INFO] PluginManager:220 - loadIPPluginJar : add opamp
2024-03-16 21:17:39,018 [INFO] IPUIPlugin:80 - create IPUIPlugin
2024-03-16 21:17:39,018 [INFO] PluginManager:220 - loadIPPluginJar : add openamp
2024-03-16 21:17:39,064 [INFO] IPUIPlugin:80 - create IPUIPlugin
2024-03-16 21:17:39,064 [INFO] PluginManager:220 - loadIPPluginJar : add pdm2pcm
2024-03-16 21:17:39,067 [INFO] IPUIPlugin:80 - create IPUIPlugin
2024-03-16 21:17:39,067 [INFO] PluginManager:220 - loadIPPluginJar : add plateformsettings
2024-03-16 21:17:39,101 [INFO] IPUIPlugin:80 - create IPUIPlugin
2024-03-16 21:17:39,101 [INFO] PluginManager:220 - loadIPPluginJar : add quadspi
2024-03-16 21:17:39,101 [INFO] IPUIPlugin:80 - create IPUIPlugin
2024-03-16 21:17:39,101 [INFO] PluginManager:220 - loadIPPluginJar : add resmgrutility
2024-03-16 21:17:39,147 [INFO] IPUIPlugin:80 - create IPUIPlugin
2024-03-16 21:17:39,147 [INFO] PluginManager:220 - loadIPPluginJar : add sai
2024-03-16 21:17:39,194 [INFO] IPUIPlugin:80 - create IPUIPlugin
2024-03-16 21:17:39,194 [INFO] PluginManager:220 - loadIPPluginJar : add spi
2024-03-16 21:17:39,257 [INFO] IPUIPlugin:80 - create IPUIPlugin
2024-03-16 21:17:39,257 [INFO] PluginManager:220 - loadIPPluginJar : add stm32_wpan
2024-03-16 21:17:39,288 [INFO] IPUIPlugin:80 - create IPUIPlugin
2024-03-16 21:17:39,288 [INFO] PluginManager:220 - loadIPPluginJar : add tim
2024-03-16 21:17:39,335 [INFO] IPUIPlugin:80 - create IPUIPlugin
2024-03-16 21:17:39,335 [INFO] PluginManager:220 - loadIPPluginJar : add touchsensing
2024-03-16 21:17:39,366 [INFO] IPUIPlugin:80 - create IPUIPlugin
2024-03-16 21:17:39,366 [INFO] PluginManager:220 - loadIPPluginJar : add tracer_emb
2024-03-16 21:17:39,382 [INFO] IPUIPlugin:80 - create IPUIPlugin
2024-03-16 21:17:39,382 [INFO] PluginManager:220 - loadIPPluginJar : add ts
2024-03-16 21:17:39,397 [INFO] IPUIPlugin:80 - create IPUIPlugin
2024-03-16 21:17:39,397 [INFO] PluginManager:220 - loadIPPluginJar : add tsc
2024-03-16 21:17:39,429 [INFO] IPUIPlugin:80 - create IPUIPlugin
2024-03-16 21:17:39,429 [INFO] PluginManager:220 - loadIPPluginJar : add ucpd
2024-03-16 21:17:39,460 [INFO] IPUIPlugin:80 - create IPUIPlugin
2024-03-16 21:17:39,460 [INFO] PluginManager:220 - loadIPPluginJar : add usart
2024-03-16 21:17:39,507 [INFO] IPUIPlugin:80 - create IPUIPlugin
2024-03-16 21:17:39,507 [INFO] PluginManager:220 - loadIPPluginJar : add usbx
2024-03-16 21:17:39,666 [INFO] CADModel:165 - CPN selected for project level
2024-03-16 21:17:39,666 [INFO] CADModel:114 - Register for checkConnection events
2024-03-16 21:17:39,666 [FATAL] Updater:308 - Updater called before beeing initialized
2024-03-16 21:17:39,666 [ERROR] CADModel:125 - Updater not yet initialized, retry later 
2024-03-16 21:17:39,807 [INFO] CADModel:165 - CPN selected for project level
2024-03-16 21:17:39,807 [INFO] CADModel:114 - Register for checkConnection events
2024-03-16 21:17:39,807 [FATAL] Updater:308 - Updater called before beeing initialized
2024-03-16 21:17:39,807 [ERROR] CADModel:125 - Updater not yet initialized, retry later 
2024-03-16 21:17:39,807 [FATAL] Updater:308 - Updater called before beeing initialized
2024-03-16 21:17:39,927 [FATAL] Updater:308 - Updater called before beeing initialized
2024-03-16 21:17:39,935 [INFO] DbMcusAds:53 - JSON generation date=Thu Sep 30 08:55:09 CEST 2021 (1632984909247)
2024-03-16 21:17:39,935 [FATAL] Updater:308 - Updater called before beeing initialized
2024-03-16 21:17:40,027 [WARN] DetailPanel:346 - Failed to get advertising image, set to default
2024-03-16 21:17:40,117 [FATAL] Updater:308 - Updater called before beeing initialized
2024-03-16 21:17:40,117 [FATAL] Updater:308 - Updater called before beeing initialized
2024-03-16 21:17:40,117 [FATAL] Updater:308 - Updater called before beeing initialized
2024-03-16 21:17:40,117 [WARN] DetailPanel:346 - Failed to get advertising image, set to default
2024-03-16 21:17:40,117 [FATAL] Updater:308 - Updater called before beeing initialized
2024-03-16 21:17:40,184 [ERROR] Updater:1120 - MainUpdater not yet initialized. External WinMGr cannot be set.
2024-03-16 21:17:40,200 [INFO] ThirdPartyUpdaterWithRetryManager:70 - Updater plugin not ready yet. [2/15]
2024-03-16 21:17:40,201 [INFO] Updater:1056 - Updater Version found : 6.10.0
2024-03-16 21:17:40,217 [INFO] ApplicationProperties:184 - Using Application install path: C:\ST\STM32CubeIDE_1.12.1\STM32CubeIDE\plugins\com.st.stm32cube.common.mx_6.10.0.202311202037
2024-03-16 21:17:40,750 [INFO] MainUpdater:2873 - connection check result : 10
2024-03-16 21:17:40,750 [INFO] MainUpdater:3567 - Updater definition file requires update
2024-03-16 21:17:40,750 [INFO] MainUpdater:290 - Updater Check For Update Now.
2024-03-16 21:17:40,750 [INFO] MicroXplorer:498 - Change Database Version : DB.6.0.100
2024-03-16 21:17:40,766 [INFO] McuFinderGlobals:63 - Set McuFinder mode to 2 (CubeIDE integrated)
2024-03-16 21:17:40,781 [INFO] UserAuth:404 - Internet connection configuration mode: 1
2024-03-16 21:17:40,797 [INFO] JxBrowserEngine:152 - Initiate JxBrowser Engine with user profile folder
2024-03-16 21:17:40,937 [INFO] ServerAccessManage:473 - Download File updaters.zip
2024-03-16 21:17:41,062 [INFO] FileExtend:240 - Unzip File : updaters.zip
2024-03-16 21:17:41,062 [INFO] FileExtend:255 - Standard Zip Deflate
2024-03-16 21:17:41,622 [INFO] ServerAccessManage:473 - Download File PacksControlFlags.xml
2024-03-16 21:17:41,794 [INFO] ServerAccessManage:473 - Download File cubemx.pidx
2024-03-16 21:17:42,028 [INFO] LoadServerUpdatesThread:375 - End of LoadServerUpdate Thread
2024-03-16 21:17:42,278 [INFO] CheckServerUpdateThread:120 - End of CheckServer Thread
2024-03-16 21:17:43,400 [WARN] PackLoader:240 - Cannot read IP mode file for STMicroelectronics.X-CUBE-SMBUS.2.1.0
2024-03-16 21:17:43,416 [WARN] PackLoader:240 - Cannot read IP mode file for STMicroelectronics.X-CUBE-TOUCHGFX.4.23.0
2024-03-16 21:17:43,494 [WARN] PackLoader:240 - Cannot read IP mode file for STMicroelectronics.X-CUBE-AZRTOS-F7.1.1.0
2024-03-16 21:17:43,525 [ERROR] RealEvaluatedCondition:428 - Found unsupported composite condition: GROUP='STM32_MetaDataManager' CLASS='Data Exchange'
2024-03-16 21:17:43,525 [ERROR] RealEvaluatedCondition:428 - Found unsupported composite condition: GROUP='STM32_MetaDataManager' CLASS='Data Exchange'
2024-03-16 21:17:43,525 [WARN] PackLoader:240 - Cannot read IP mode file for STMicroelectronics.FP-SNS-MOTENV1.4.3.0
2024-03-16 21:17:43,556 [WARN] PackLoader:240 - Cannot read IP mode file for STMicroelectronics.FP-SNS-MOTENV1.4.3.2
2024-03-16 21:17:43,572 [WARN] PackLoader:240 - Cannot read IP mode file for STMicroelectronics.FP-SNS-FLIGHT1.5.0.0
2024-03-16 21:17:43,603 [WARN] PackLoader:240 - Cannot read IP mode file for STMicroelectronics.X-CUBE-BLE1.6.2.4
2024-03-16 21:17:43,626 [WARN] PackLoader:240 - Cannot read IP mode file for STMicroelectronics.FP-SNS-FLIGHT1.5.0.2
2024-03-16 21:17:43,647 [WARN] PackLoader:240 - Cannot read IP mode file for STMicroelectronics.X-CUBE-DISPLAY.3.0.0
2024-03-16 21:17:43,678 [WARN] PackLoader:240 - Cannot read IP mode file for STMicroelectronics.X-CUBE-BLE1.7.0.0
2024-03-16 21:17:43,693 [WARN] PackLoader:240 - Cannot read IP mode file for STMicroelectronics.X-CUBE-TOUCHGFX.4.22.0
2024-03-16 21:17:43,725 [WARN] PackLoader:240 - Cannot read IP mode file for STMicroelectronics.X-CUBE-BLEMGR.3.1.0
2024-03-16 21:17:43,756 [WARN] PackLoader:240 - Cannot read IP mode file for STMicroelectronics.FP-SNS-SMARTAG2.1.2.0
2024-03-16 21:17:43,771 [INFO] LogOutputStream:77 - [STDOUT_REDIRECT] 1 : Invalid condition id : UX_CORESTACK_Condition cause : null
2024-03-16 21:17:43,771 [INFO] LogOutputStream:77 - [STDOUT_REDIRECT] 1 : Invalid condition id : UX_CORESTACK_Condition cause : null
2024-03-16 21:17:43,771 [INFO] LogOutputStream:77 - [STDOUT_REDIRECT] 1 : Invalid condition id : UX_CORESTACK_Condition cause : null
2024-03-16 21:17:43,787 [INFO] LogOutputStream:77 - [STDOUT_REDIRECT] 1 : Invalid condition id : UX_CORESTACK_Condition cause : null
2024-03-16 21:17:43,787 [INFO] LogOutputStream:77 - [STDOUT_REDIRECT] 1 : Invalid condition id : UX_CORESTACK_Condition cause : null
2024-03-16 21:17:43,787 [WARN] PackLoader:240 - Cannot read IP mode file for STMicroelectronics.X-CUBE-AZRTOS-WL.2.0.0
2024-03-16 21:17:43,818 [WARN] PackLoader:240 - Cannot read IP mode file for WES.I-CUBE-Cesium.1.3.0
2024-03-16 21:17:43,834 [WARN] PackLoader:240 - Cannot read IP mode file for STMicroelectronics.X-CUBE-BLE2.3.3.0
2024-03-16 21:17:43,834 [WARN] PackLoader:240 - Cannot read IP mode file for STMicroelectronics.X-CUBE-TOUCHGFX.4.21.4
2024-03-16 21:17:43,850 [WARN] PackLoader:240 - Cannot read IP mode file for STMicroelectronics.X-CUBE-ALGOBUILD.1.3.0
2024-03-16 21:17:43,896 [WARN] PackLoader:240 - Cannot read IP mode file for STMicroelectronics.X-CUBE-AZRTOS-G0.1.1.0
2024-03-16 21:17:43,912 [WARN] PackLoader:240 - Cannot read IP mode file for STMicroelectronics.X-CUBE-NFC4.3.0.0
2024-03-16 21:17:43,943 [WARN] PackLoader:240 - Cannot read IP mode file for STMicroelectronics.FP-ATR-SIGFOX1.3.2.0
2024-03-16 21:17:43,959 [WARN] PackLoader:240 - Cannot read IP mode file for STMicroelectronics.X-CUBE-EEPRMA1.5.1.0
2024-03-16 21:17:44,021 [WARN] PackLoader:240 - Cannot read IP mode file for SEGGER.I-CUBE-embOS.1.3.1
2024-03-16 21:17:44,100 [WARN] PackLoader:240 - Cannot read IP mode file for STMicroelectronics.X-CUBE-GNSS1.6.0.0
2024-03-16 21:17:44,131 [WARN] PackLoader:240 - Cannot read IP mode file for STMicroelectronics.X-CUBE-AZRTOS-F4.1.1.0
2024-03-16 21:17:44,162 [WARN] PackLoader:240 - Cannot read IP mode file for wolfSSL.I-CUBE-wolfSSL.5.6.0
2024-03-16 21:17:44,193 [WARN] PackLoader:240 - Cannot read IP mode file for STMicroelectronics.X-CUBE-AZRTOS-L5.2.0.0
2024-03-16 21:17:44,287 [WARN] PackLoader:240 - Cannot read IP mode file for STMicroelectronics.X-CUBE-MEMS1.9.6.0
2024-03-16 21:17:44,551 [WARN] PackLoader:240 - Cannot read IP mode file for ITTIA_DB.I-CUBE-ITTIADB.8.8.0
2024-03-16 21:17:44,585 [WARN] PackLoader:240 - Cannot read IP mode file for emotas.I-CUBE-CANOPEN.1.1.3
2024-03-16 21:17:44,601 [WARN] PackLoader:240 - Cannot read IP mode file for STMicroelectronics.X-CUBE-BLEMGR.2.0.0
2024-03-16 21:17:44,668 [WARN] ConditionMgr:438 - getConditionDescription Invalid condition id : UX DEVICE CLASS RTOS Condition cause : null
2024-03-16 21:17:44,668 [WARN] ConditionMgr:438 - getConditionDescription Invalid condition id : UX DEVICE CLASS RTOS Condition cause : null
2024-03-16 21:17:44,668 [WARN] PackLoader:240 - Cannot read IP mode file for STMicroelectronics.X-CUBE-AZRTOS-H7.3.1.0
2024-03-16 21:17:44,668 [WARN] ConditionMgr:1039 - genDependencies : Invalid condition id : UX DEVICE CLASS RTOS Condition cause : null
2024-03-16 21:17:44,668 [WARN] ConditionMgr:1039 - genDependencies : Invalid condition id : UX DEVICE CLASS RTOS Condition cause : null
2024-03-16 21:17:44,668 [WARN] ConditionMgr:1039 - genDependencies : Invalid condition id : UX DEVICE CLASS RTOS Condition cause : null
2024-03-16 21:17:44,668 [WARN] ConditionMgr:1039 - genDependencies : Invalid condition id : UX DEVICE CLASS RTOS Condition cause : null
2024-03-16 21:17:44,668 [WARN] ConditionMgr:1039 - genDependencies : Invalid condition id : UX DEVICE CLASS RTOS Condition cause : null
2024-03-16 21:17:44,684 [WARN] PackLoader:240 - Cannot read IP mode file for STMicroelectronics.X-CUBE-NFC7.1.0.1
2024-03-16 21:17:44,700 [WARN] PackLoader:240 - Cannot read IP mode file for STMicroelectronics.X-CUBE-NFC7.1.0.0
2024-03-16 21:17:44,801 [WARN] PackLoader:240 - Cannot read IP mode file for STMicroelectronics.X-CUBE-NFC6.3.0.0
2024-03-16 21:17:44,835 [WARN] PackLoader:240 - Cannot read IP mode file for STMicroelectronics.X-CUBE-EEPRMA1.4.1.0
2024-03-16 21:17:44,851 [WARN] PackLoader:240 - Cannot read IP mode file for STMicroelectronics.X-CUBE-AI.8.1.0
2024-03-16 21:17:44,921 [WARN] ConditionMgr:438 - getConditionDescription Invalid condition id : LAN8742 Phy interface Condition cause : null
2024-03-16 21:17:44,921 [WARN] PackLoader:240 - Cannot read IP mode file for STMicroelectronics.X-CUBE-AZRTOS-L4.2.0.0
2024-03-16 21:17:44,921 [WARN] ConditionMgr:1039 - genDependencies : Invalid condition id : LAN8742 Phy interface Condition cause : null
2024-03-16 21:17:44,921 [WARN] ConditionMgr:1039 - genDependencies : Invalid condition id : LAN8742 Phy interface Condition cause : null
2024-03-16 21:17:44,921 [WARN] ConditionMgr:1039 - genDependencies : Invalid condition id : LAN8742 Phy interface Condition cause : null
2024-03-16 21:17:44,954 [WARN] PackLoader:240 - Cannot read IP mode file for STMicroelectronics.X-CUBE-SFXS2LP1.4.0.0
2024-03-16 21:17:44,971 [WARN] PackLoader:240 - Cannot read IP mode file for STMicroelectronics.X-CUBE-ISPU.1.1.0
2024-03-16 21:17:45,066 [WARN] ConditionMgr:438 - getConditionDescription Invalid condition id : UX DEVICE CLASS RTOS Condition cause : null
2024-03-16 21:17:45,066 [WARN] ConditionMgr:438 - getConditionDescription Invalid condition id : UX DEVICE CLASS RTOS Condition cause : null
2024-03-16 21:17:45,066 [WARN] PackLoader:240 - Cannot read IP mode file for STMicroelectronics.X-CUBE-AZRTOS-WB.2.0.0
2024-03-16 21:17:45,066 [WARN] ConditionMgr:1039 - genDependencies : Invalid condition id : UX DEVICE CLASS RTOS Condition cause : null
2024-03-16 21:17:45,066 [WARN] ConditionMgr:1039 - genDependencies : Invalid condition id : UX DEVICE CLASS RTOS Condition cause : null
2024-03-16 21:17:45,066 [WARN] ConditionMgr:1039 - genDependencies : Invalid condition id : UX DEVICE CLASS RTOS Condition cause : null
2024-03-16 21:17:45,066 [WARN] ConditionMgr:1039 - genDependencies : Invalid condition id : UX DEVICE CLASS RTOS Condition cause : null
2024-03-16 21:17:45,066 [WARN] ConditionMgr:1039 - genDependencies : Invalid condition id : UX DEVICE CLASS RTOS Condition cause : null
2024-03-16 21:17:45,113 [WARN] PackLoader:240 - Cannot read IP mode file for STMicroelectronics.X-CUBE-FREERTOS.1.0.1
2024-03-16 21:17:45,175 [WARN] PackLoader:240 - Cannot read IP mode file for STMicroelectronics.X-CUBE-AZRTOS-L5.1.1.0
2024-03-16 21:17:45,222 [WARN] PackLoader:240 - Cannot read IP mode file for STMicroelectronics.X-CUBE-AI.8.0.1
2024-03-16 21:17:45,253 [WARN] PackLoader:240 - Cannot read IP mode file for STMicroelectronics.X-CUBE-SUBG2.5.0.0
2024-03-16 21:17:45,300 [WARN] PackLoader:240 - Cannot read IP mode file for STMicroelectronics.X-CUBE-TOF1.3.3.1
2024-03-16 21:17:45,347 [WARN] PackLoader:240 - Cannot read IP mode file for STMicroelectronics.X-CUBE-AZRTOS-G4.2.0.0
2024-03-16 21:17:45,394 [WARN] PackLoader:240 - Cannot read IP mode file for STMicroelectronics.X-CUBE-TOF1.3.3.0
2024-03-16 21:17:45,394 [INFO] WebApp:161 - Instantiating new browser for Auth
2024-03-16 21:17:45,472 [WARN] PackLoader:240 - Cannot read IP mode file for Infineon.AIROC-Wi-Fi-Bluetooth-STM32.1.5.1
2024-03-16 21:17:45,503 [WARN] PackLoader:240 - Cannot read IP mode file for STMicroelectronics.FP-SNS-MOTENVWB1.1.3.1
2024-03-16 21:17:45,579 [WARN] PackLoader:240 - Cannot read IP mode file for STMicroelectronics.X-CUBE-AZRTOS-L4.1.0.0
2024-03-16 21:17:45,610 [WARN] PackLoader:240 - Cannot read IP mode file for STMicroelectronics.X-CUBE-ISPU.2.0.0
2024-03-16 21:17:45,736 [WARN] PackLoader:240 - Cannot read IP mode file for STMicroelectronics.X-CUBE-MEMS1.10.0.0
2024-03-16 21:17:45,953 [WARN] PackLoader:240 - Cannot read IP mode file for STMicroelectronics.X-CUBE-FREERTOS.1.1.0
2024-03-16 21:17:45,984 [WARN] PackLoader:240 - Cannot read IP mode file for STMicroelectronics.X-CUBE-AZRTOS-WL.1.0.0
2024-03-16 21:17:46,001 [WARN] PackLoader:240 - Cannot read IP mode file for portGmbH.I-Cube-SoM-uGOAL.1.1.0
2024-03-16 21:17:46,018 [WARN] PackLoader:240 - Cannot read IP mode file for STMicroelectronics.X-CUBE-ALS.1.0.1
2024-03-16 21:17:46,051 [WARN] PackLoader:240 - Cannot read IP mode file for STMicroelectronics.X-CUBE-AZRTOS-WB.1.1.0
2024-03-16 21:17:46,068 [WARN] PackLoader:240 - Cannot read IP mode file for STMicroelectronics.FP-ATR-ASTRA1.2.0.0
2024-03-16 21:17:46,101 [WARN] PackLoader:240 - Cannot read IP mode file for STMicroelectronics.X-CUBE-TOF1.3.4.1
2024-03-16 21:17:46,168 [WARN] PackLoader:240 - Cannot read IP mode file for STMicroelectronics.X-CUBE-AZRTOS-H7.3.2.0
2024-03-16 21:17:46,168 [INFO] ThirdParty:978 - Integrity check success = true
2024-03-16 21:17:46,168 [INFO] IntegrityCheckThread:100 - exiting critical section [integrity check]
2024-03-16 21:17:46,168 [INFO] IntegrityCheckThread:103 - End integrity checks thread
2024-03-16 21:17:46,509 [INFO] WebApp:780 - Register for checkConnection events
2024-03-16 21:17:46,510 [INFO] WebApp:414 - Apply proxy settings
2024-03-16 21:17:46,510 [INFO] WebApp:499 - Chromium requires no authentication
2024-03-16 21:17:46,520 [INFO] WebApp:442 - Direct internet connection detected
2024-03-16 21:17:46,758 [INFO] WebApp:192 - Starting web application
2024-03-16 21:17:46,758 [INFO] WebApp:544 - Web application path used C:\ST\STM32CubeIDE_1.12.1\STM32CubeIDE\plugins\com.st.stm32cube.common.mx_6.10.0.202311202037\db\plugins\mcufinder\reactClient1\index.html
2024-03-16 21:18:07,713 [ERROR] LogOutputStream:75 - [STDERR_REDIRECT] SLF4J: Failed to load class "org.slf4j.impl.StaticLoggerBinder".
2024-03-16 21:18:07,713 [ERROR] LogOutputStream:75 - [STDERR_REDIRECT] SLF4J: Defaulting to no-operation (NOP) logger implementation
2024-03-16 21:18:07,713 [ERROR] LogOutputStream:75 - [STDERR_REDIRECT] SLF4J: See http://www.slf4j.org/codes.html#StaticLoggerBinder for further details.
2024-03-16 21:19:23,403 [ERROR] LogOutputStream:75 - [STDERR_REDIRECT] 
