2023-08-16 21:00:06,478 [INFO] Activator:176 - 


2023-08-16 21:00:06,496 [INFO] Activator:177 - !SESSION log4j initialized
2023-08-16 21:00:13,888 [INFO] LogOutputStream:77 - [STDOUT_REDIRECT] 
2023-08-16 21:00:17,322 [INFO] ApplicationProperties:184 - Using Application install path: C:\ST\STM32CubeIDE_1.12.1\STM32CubeIDE\plugins\com.st.stm32cube.common.mx_6.9.1.202307191849
2023-08-16 21:00:17,343 [INFO] DbMcusXml:78 - Set database path to: C:\ST\STM32CubeIDE_1.12.1\STM32CubeIDE\plugins\com.st.stm32cube.common.mx_6.9.1.202307191849\\db\/mcu/
2023-08-16 21:00:17,343 [INFO] ApiDb:274 - Set plugin database path to: C:\ST\STM32CubeIDE_1.12.1\STM32CubeIDE\plugins\com.st.stm32cube.common.mx_6.9.1.202307191849\\db\/plugins/boardmanager/
2023-08-16 21:00:17,344 [WARN] ApiDb:259 - Overriding images path with different value:  => C:\ST\STM32CubeIDE_1.12.1\STM32CubeIDE\plugins\com.st.stm32cube.common.mx_6.9.1.202307191849\\db\/plugins/mcufinder/images/
2023-08-16 21:00:17,365 [INFO] ApiDb:250 - Set database path to: C:\Users\Michael\.stmcufinder\plugins\mcufinder//mcu/
2023-08-16 21:00:17,366 [INFO] DbMcusAds:125 - Set database path to: C:\Users\Michael\.stmcufinder\plugins\mcufinder//mcu/
2023-08-16 21:00:17,369 [INFO] CrossReferenceDbSqlite:203 - Set database path to: C:\Users\Michael\.stmcufinder\plugins\mcufinder//mcu/cs/
2023-08-16 21:00:17,540 [INFO] RulesReader:64 - Compatibility file has been processed (293 Rules)
2023-08-16 21:00:17,721 [INFO] DbMcusXml:78 - Set database path to: C:\ST\STM32CubeIDE_1.12.1\STM32CubeIDE\plugins\com.st.stm32cube.common.mx_6.9.1.202307191849\\db\/mcu/
2023-08-16 21:00:17,721 [INFO] ApiDb:274 - Set plugin database path to: C:\ST\STM32CubeIDE_1.12.1\STM32CubeIDE\plugins\com.st.stm32cube.common.mx_6.9.1.202307191849\\db\/plugins/boardmanager/
2023-08-16 21:00:17,721 [INFO] ApiDb:261 - Set plugin images path to: C:\ST\STM32CubeIDE_1.12.1\STM32CubeIDE\plugins\com.st.stm32cube.common.mx_6.9.1.202307191849\\db\/plugins/mcufinder/images/
2023-08-16 21:00:17,721 [WARN] DbFile:41 - Overriding database path with different value: C:\Users\Michael\.stmcufinder\plugins\mcufinder/ => C:\Users\Michael\.stmcufinder\plugins\mcufinder
2023-08-16 21:00:17,722 [INFO] ApiDb:250 - Set database path to: C:\Users\Michael\.stmcufinder\plugins\mcufinder//mcu/
2023-08-16 21:00:17,722 [WARN] DbFile:41 - Overriding database path with different value: C:\Users\Michael\.stmcufinder\plugins\mcufinder/ => C:\Users\Michael\.stmcufinder\plugins\mcufinder
2023-08-16 21:00:17,722 [INFO] DbMcusAds:125 - Set database path to: C:\Users\Michael\.stmcufinder\plugins\mcufinder//mcu/
2023-08-16 21:00:17,722 [WARN] DbFile:41 - Overriding database path with different value: C:\Users\Michael\.stmcufinder\plugins\mcufinder/ => C:\Users\Michael\.stmcufinder\plugins\mcufinder
2023-08-16 21:00:17,722 [WARN] DbFile:41 - Overriding database path with different value: C:\Users\Michael\.stmcufinder\plugins\mcufinder/ => C:\Users\Michael\.stmcufinder\plugins\mcufinder
2023-08-16 21:00:17,722 [INFO] CrossReferenceDbSqlite:203 - Set database path to: C:\Users\Michael\.stmcufinder\plugins\mcufinder//mcu/cs/
2023-08-16 21:00:17,912 [INFO] MainPanel:262 - HeapMemory: 268435456
2023-08-16 21:00:18,115 [INFO] DbMcusXml:78 - Set database path to: C:\ST\STM32CubeIDE_1.12.1\STM32CubeIDE\plugins\com.st.stm32cube.common.mx_6.9.1.202307191849\\db\/mcu/
2023-08-16 21:00:18,115 [INFO] ApiDb:274 - Set plugin database path to: C:\ST\STM32CubeIDE_1.12.1\STM32CubeIDE\plugins\com.st.stm32cube.common.mx_6.9.1.202307191849\\db\/plugins/boardmanager/
2023-08-16 21:00:18,115 [INFO] ApiDb:261 - Set plugin images path to: C:\ST\STM32CubeIDE_1.12.1\STM32CubeIDE\plugins\com.st.stm32cube.common.mx_6.9.1.202307191849\\db\/plugins/mcufinder/images/
2023-08-16 21:00:18,116 [WARN] DbFile:41 - Overriding database path with different value: C:\Users\Michael\.stmcufinder\plugins\mcufinder/ => C:\Users\Michael\.stmcufinder\plugins\mcufinder
2023-08-16 21:00:18,116 [INFO] ApiDb:250 - Set database path to: C:\Users\Michael\.stmcufinder\plugins\mcufinder//mcu/
2023-08-16 21:00:18,116 [WARN] DbFile:41 - Overriding database path with different value: C:\Users\Michael\.stmcufinder\plugins\mcufinder/ => C:\Users\Michael\.stmcufinder\plugins\mcufinder
2023-08-16 21:00:18,116 [INFO] DbMcusAds:125 - Set database path to: C:\Users\Michael\.stmcufinder\plugins\mcufinder//mcu/
2023-08-16 21:00:18,116 [WARN] DbFile:41 - Overriding database path with different value: C:\Users\Michael\.stmcufinder\plugins\mcufinder/ => C:\Users\Michael\.stmcufinder\plugins\mcufinder
2023-08-16 21:00:18,117 [WARN] DbFile:41 - Overriding database path with different value: C:\Users\Michael\.stmcufinder\plugins\mcufinder/ => C:\Users\Michael\.stmcufinder\plugins\mcufinder
2023-08-16 21:00:18,117 [INFO] CrossReferenceDbSqlite:203 - Set database path to: C:\Users\Michael\.stmcufinder\plugins\mcufinder//mcu/cs/
2023-08-16 21:00:18,148 [INFO] ApplicationProperties:184 - Using Application install path: C:\ST\STM32CubeIDE_1.12.1\STM32CubeIDE\plugins\com.st.stm32cube.common.mx_6.9.1.202307191849
2023-08-16 21:00:18,150 [INFO] PluginManage:196 - Search for loadable plugins [exclusion list=, ]
2023-08-16 21:00:18,152 [INFO] PluginManage:310 - Check plugin analytics
2023-08-16 21:00:18,458 [INFO] AnalyticsPlugin:253 - Accepted Software Licenses: STM32CubeMX.6.8.1,STM32CubeMX.6.9.0
2023-08-16 21:00:18,459 [INFO] AnalyticsPlugin:255 - Accepted CMSIS Pack Licenses: 
2023-08-16 21:00:18,459 [INFO] AnalyticsPlugin:257 - Accepted Firmware Licenses: 
2023-08-16 21:00:18,464 [INFO] PluginManage:359 - Loaded plugin analytics (category:tool,tabindex:-1)
2023-08-16 21:00:18,465 [INFO] PluginManage:310 - Check plugin cadmodel
2023-08-16 21:00:18,534 [INFO] CADModel:105 - Init CAD model plugin
2023-08-16 21:00:18,535 [INFO] PluginManage:359 - Loaded plugin cadmodel (category:power,tabindex:5)
2023-08-16 21:00:18,536 [INFO] PluginManage:310 - Check plugin clock
2023-08-16 21:00:18,565 [INFO] PluginManage:359 - Loaded plugin clock (category:base,tabindex:2)
2023-08-16 21:00:18,565 [INFO] PluginManage:310 - Check plugin ddr
2023-08-16 21:00:18,568 [INFO] PluginManage:359 - Loaded plugin ddr (category:tool,tabindex:6)
2023-08-16 21:00:18,569 [INFO] PluginManage:310 - Check plugin filemanager
2023-08-16 21:00:18,864 [INFO] PluginManage:359 - Loaded plugin filemanager (category:base,tabindex:10)
2023-08-16 21:00:18,865 [INFO] PluginManage:310 - Check plugin ipmanager
2023-08-16 21:00:18,874 [INFO] PluginManage:359 - Loaded plugin ipmanager (category:base,tabindex:5)
2023-08-16 21:00:18,875 [INFO] PluginManage:310 - Check plugin lpbam
2023-08-16 21:00:18,896 [INFO] PluginManage:359 - Loaded plugin lpbam (category:base,tabindex:0)
2023-08-16 21:00:18,896 [INFO] PluginManage:310 - Check plugin memorymap
2023-08-16 21:00:18,922 [INFO] PluginManage:359 - Loaded plugin memorymap (category:base,tabindex:4)
2023-08-16 21:00:18,923 [INFO] PluginManage:310 - Check plugin pinoutandconfiguration
2023-08-16 21:00:18,940 [INFO] PluginManage:359 - Loaded plugin pinoutandconfiguration (category:base,tabindex:1)
2023-08-16 21:00:18,940 [INFO] PluginManage:310 - Check plugin pinoutconfig
2023-08-16 21:00:19,124 [WARN] SupportedApi:132 - Cannot load RTOS API schema: s4s-elt-must-match.1: The content of 'definitions' must match (annotation?, (simpleType | complexType)?, (unique | key | keyref)*)). A problem was found starting at: attribute.
2023-08-16 21:00:19,348 [INFO] PluginManage:359 - Loaded plugin pinoutconfig (category:base,tabindex:0)
2023-08-16 21:00:19,349 [INFO] PluginManage:310 - Check plugin power
2023-08-16 21:00:19,375 [INFO] PluginManage:359 - Loaded plugin power (category:power,tabindex:4)
2023-08-16 21:00:19,375 [INFO] PluginManage:310 - Check plugin projectmanager
2023-08-16 21:00:19,403 [INFO] PluginManage:359 - Loaded plugin projectmanager (category:projectmanager,tabindex:3)
2023-08-16 21:00:19,403 [INFO] PluginManage:310 - Check plugin thirdparty
2023-08-16 21:00:19,852 [INFO] PluginManage:359 - Loaded plugin thirdparty (category:base,tabindex:-1)
2023-08-16 21:00:19,852 [WARN] IntegrityCheckThread:84 - waiting for thirdparty lock release [integrity check]
2023-08-16 21:00:19,852 [INFO] PluginManage:310 - Check plugin tools
2023-08-16 21:00:19,852 [INFO] IntegrityCheckThread:86 - entering critical section [integrity check]
2023-08-16 21:00:19,854 [INFO] ThirdPartyUpdaterWithRetryManager:70 - Updater plugin not ready yet. [1/15]
2023-08-16 21:00:19,890 [INFO] PluginManage:359 - Loaded plugin tools (category:base,tabindex:7)
2023-08-16 21:00:19,890 [INFO] PluginManage:310 - Check plugin tutovideos
2023-08-16 21:00:20,178 [INFO] PluginManage:359 - Loaded plugin tutovideos (category:base,tabindex:-1)
2023-08-16 21:00:20,178 [INFO] PluginManage:310 - Check plugin updater
2023-08-16 21:00:20,194 [INFO] PluginManage:359 - Loaded plugin updater (category:base,tabindex:12)
2023-08-16 21:00:20,194 [INFO] PluginManage:310 - Check plugin userauth
2023-08-16 21:00:20,202 [INFO] UserAuth:113 - Init User Auth plugin
2023-08-16 21:00:20,202 [INFO] PluginManage:359 - Loaded plugin userauth (category:base,tabindex:14)
2023-08-16 21:00:20,203 [INFO] PluginManage:283 - PluginManage : Loaded plugins [17]
2023-08-16 21:00:20,551 [INFO] PinOutPanel:1499 - setPackage(No Configuration,No Configuration)
2023-08-16 21:00:20,726 [INFO] CADModel:165 - CPN selected for project level
2023-08-16 21:00:20,726 [INFO] CADModel:114 - Register for checkConnection events
2023-08-16 21:00:20,778 [INFO] IPUIPlugin:80 - create IPUIPlugin
2023-08-16 21:00:20,778 [INFO] PluginManager:220 - loadIPPluginJar : add adc
2023-08-16 21:00:20,818 [INFO] IPUIPlugin:80 - create IPUIPlugin
2023-08-16 21:00:20,818 [INFO] PluginManager:220 - loadIPPluginJar : add aes
2023-08-16 21:00:20,864 [INFO] IPUIPlugin:80 - create IPUIPlugin
2023-08-16 21:00:20,864 [INFO] PluginManager:220 - loadIPPluginJar : add can
2023-08-16 21:00:20,888 [INFO] IPUIPlugin:80 - create IPUIPlugin
2023-08-16 21:00:20,888 [INFO] PluginManager:220 - loadIPPluginJar : add comp
2023-08-16 21:00:20,923 [INFO] IPUIPlugin:80 - create IPUIPlugin
2023-08-16 21:00:20,923 [INFO] PluginManager:220 - loadIPPluginJar : add cryp
2023-08-16 21:00:20,956 [INFO] IPUIPlugin:80 - create IPUIPlugin
2023-08-16 21:00:20,956 [INFO] PluginManager:220 - loadIPPluginJar : add dfsdm
2023-08-16 21:00:20,972 [INFO] IPUIPlugin:80 - create IPUIPlugin
2023-08-16 21:00:20,973 [INFO] PluginManager:220 - loadIPPluginJar : add dma
2023-08-16 21:00:21,026 [INFO] IPUIPlugin:80 - create IPUIPlugin
2023-08-16 21:00:21,026 [INFO] PluginManager:220 - loadIPPluginJar : add dma3
2023-08-16 21:00:21,048 [INFO] IPUIPlugin:80 - create IPUIPlugin
2023-08-16 21:00:21,048 [INFO] PluginManager:220 - loadIPPluginJar : add fatfs
2023-08-16 21:00:21,113 [INFO] IPUIPlugin:80 - create IPUIPlugin
2023-08-16 21:00:21,113 [INFO] PluginManager:220 - loadIPPluginJar : add fmc
2023-08-16 21:00:21,134 [INFO] IPUIPlugin:80 - create IPUIPlugin
2023-08-16 21:00:21,134 [INFO] PluginManager:220 - loadIPPluginJar : add freertos
2023-08-16 21:00:21,157 [INFO] IPUIPlugin:80 - create IPUIPlugin
2023-08-16 21:00:21,157 [INFO] PluginManager:220 - loadIPPluginJar : add genericplugin
2023-08-16 21:00:21,263 [INFO] IPUIPlugin:80 - create IPUIPlugin
2023-08-16 21:00:21,263 [INFO] PluginManager:220 - loadIPPluginJar : add gfxmmu
2023-08-16 21:00:21,418 [INFO] IPUIPlugin:80 - create IPUIPlugin
2023-08-16 21:00:21,418 [INFO] PluginManager:220 - loadIPPluginJar : add gic
2023-08-16 21:00:21,433 [INFO] IPUIPlugin:80 - create IPUIPlugin
2023-08-16 21:00:21,433 [INFO] PluginManager:220 - loadIPPluginJar : add gpio
2023-08-16 21:00:21,533 [INFO] IPUIPlugin:80 - create IPUIPlugin
2023-08-16 21:00:21,533 [INFO] PluginManager:220 - loadIPPluginJar : add gtzc
2023-08-16 21:00:21,569 [INFO] IPUIPlugin:80 - create IPUIPlugin
2023-08-16 21:00:21,570 [INFO] PluginManager:220 - loadIPPluginJar : add hash
2023-08-16 21:00:21,625 [INFO] IPUIPlugin:80 - create IPUIPlugin
2023-08-16 21:00:21,625 [INFO] PluginManager:220 - loadIPPluginJar : add i2c
2023-08-16 21:00:21,669 [INFO] IPUIPlugin:80 - create IPUIPlugin
2023-08-16 21:00:21,669 [INFO] PluginManager:220 - loadIPPluginJar : add i2s
2023-08-16 21:00:21,718 [INFO] IPUIPlugin:80 - create IPUIPlugin
2023-08-16 21:00:21,718 [INFO] PluginManager:220 - loadIPPluginJar : add i3c
2023-08-16 21:00:21,829 [INFO] IPUIPlugin:80 - create IPUIPlugin
2023-08-16 21:00:21,829 [INFO] PluginManager:220 - loadIPPluginJar : add ipddr
2023-08-16 21:00:21,932 [INFO] IPUIPlugin:80 - create IPUIPlugin
2023-08-16 21:00:21,932 [INFO] PluginManager:220 - loadIPPluginJar : add linkedlist
2023-08-16 21:00:21,974 [INFO] IPUIPlugin:80 - create IPUIPlugin
2023-08-16 21:00:21,974 [INFO] PluginManager:220 - loadIPPluginJar : add lorawan
2023-08-16 21:00:22,011 [INFO] IPUIPlugin:80 - create IPUIPlugin
2023-08-16 21:00:22,012 [INFO] PluginManager:220 - loadIPPluginJar : add ltdc
2023-08-16 21:00:22,026 [INFO] IPUIPlugin:80 - create IPUIPlugin
2023-08-16 21:00:22,026 [INFO] PluginManager:220 - loadIPPluginJar : add mdma
2023-08-16 21:00:22,038 [INFO] IPUIPlugin:80 - create IPUIPlugin
2023-08-16 21:00:22,038 [INFO] PluginManager:220 - loadIPPluginJar : add nvic
2023-08-16 21:00:22,075 [INFO] IPUIPlugin:80 - create IPUIPlugin
2023-08-16 21:00:22,075 [INFO] PluginManager:220 - loadIPPluginJar : add opamp
2023-08-16 21:00:22,138 [INFO] IPUIPlugin:80 - create IPUIPlugin
2023-08-16 21:00:22,138 [INFO] PluginManager:220 - loadIPPluginJar : add openamp
2023-08-16 21:00:22,188 [INFO] IPUIPlugin:80 - create IPUIPlugin
2023-08-16 21:00:22,188 [INFO] PluginManager:220 - loadIPPluginJar : add pdm2pcm
2023-08-16 21:00:22,205 [INFO] IPUIPlugin:80 - create IPUIPlugin
2023-08-16 21:00:22,207 [INFO] PluginManager:220 - loadIPPluginJar : add plateformsettings
2023-08-16 21:00:22,229 [INFO] IPUIPlugin:80 - create IPUIPlugin
2023-08-16 21:00:22,230 [INFO] PluginManager:220 - loadIPPluginJar : add quadspi
2023-08-16 21:00:22,242 [INFO] IPUIPlugin:80 - create IPUIPlugin
2023-08-16 21:00:22,242 [INFO] PluginManager:220 - loadIPPluginJar : add resmgrutility
2023-08-16 21:00:22,299 [INFO] IPUIPlugin:80 - create IPUIPlugin
2023-08-16 21:00:22,299 [INFO] PluginManager:220 - loadIPPluginJar : add sai
2023-08-16 21:00:22,339 [INFO] IPUIPlugin:80 - create IPUIPlugin
2023-08-16 21:00:22,339 [INFO] PluginManager:220 - loadIPPluginJar : add spi
2023-08-16 21:00:22,403 [INFO] IPUIPlugin:80 - create IPUIPlugin
2023-08-16 21:00:22,403 [INFO] PluginManager:220 - loadIPPluginJar : add stm32_wpan
2023-08-16 21:00:22,429 [INFO] IPUIPlugin:80 - create IPUIPlugin
2023-08-16 21:00:22,429 [INFO] PluginManager:220 - loadIPPluginJar : add tim
2023-08-16 21:00:22,492 [INFO] IPUIPlugin:80 - create IPUIPlugin
2023-08-16 21:00:22,492 [INFO] PluginManager:220 - loadIPPluginJar : add touchsensing
2023-08-16 21:00:22,518 [INFO] IPUIPlugin:80 - create IPUIPlugin
2023-08-16 21:00:22,519 [INFO] PluginManager:220 - loadIPPluginJar : add tracer_emb
2023-08-16 21:00:22,546 [INFO] IPUIPlugin:80 - create IPUIPlugin
2023-08-16 21:00:22,546 [INFO] PluginManager:220 - loadIPPluginJar : add ts
2023-08-16 21:00:22,571 [INFO] IPUIPlugin:80 - create IPUIPlugin
2023-08-16 21:00:22,571 [INFO] PluginManager:220 - loadIPPluginJar : add tsc
2023-08-16 21:00:22,594 [INFO] IPUIPlugin:80 - create IPUIPlugin
2023-08-16 21:00:22,594 [INFO] PluginManager:220 - loadIPPluginJar : add ucpd
2023-08-16 21:00:22,638 [INFO] IPUIPlugin:80 - create IPUIPlugin
2023-08-16 21:00:22,638 [INFO] PluginManager:220 - loadIPPluginJar : add usart
2023-08-16 21:00:22,679 [INFO] IPUIPlugin:80 - create IPUIPlugin
2023-08-16 21:00:22,679 [INFO] PluginManager:220 - loadIPPluginJar : add usbx
2023-08-16 21:00:22,835 [INFO] CADModel:165 - CPN selected for project level
2023-08-16 21:00:22,835 [INFO] CADModel:114 - Register for checkConnection events
2023-08-16 21:00:22,835 [FATAL] Updater:308 - Updater called before beeing initialized
2023-08-16 21:00:22,835 [ERROR] CADModel:125 - Updater not yet initialized, retry later 
2023-08-16 21:00:22,854 [INFO] ThirdPartyUpdaterWithRetryManager:70 - Updater plugin not ready yet. [2/15]
2023-08-16 21:00:23,028 [INFO] CADModel:165 - CPN selected for project level
2023-08-16 21:00:23,028 [INFO] CADModel:114 - Register for checkConnection events
2023-08-16 21:00:23,029 [FATAL] Updater:308 - Updater called before beeing initialized
2023-08-16 21:00:23,029 [ERROR] CADModel:125 - Updater not yet initialized, retry later 
2023-08-16 21:00:23,036 [FATAL] Updater:308 - Updater called before beeing initialized
2023-08-16 21:00:23,173 [FATAL] Updater:308 - Updater called before beeing initialized
2023-08-16 21:00:23,179 [INFO] DbMcusAds:53 - JSON generation date=Tue Mar 07 09:50:55 CET 2023 (1678179055114)
2023-08-16 21:00:23,179 [FATAL] Updater:308 - Updater called before beeing initialized
2023-08-16 21:00:23,258 [WARN] DetailPanel:346 - Failed to get advertising image, set to default
2023-08-16 21:00:23,372 [FATAL] Updater:308 - Updater called before beeing initialized
2023-08-16 21:00:23,372 [FATAL] Updater:308 - Updater called before beeing initialized
2023-08-16 21:00:23,372 [FATAL] Updater:308 - Updater called before beeing initialized
2023-08-16 21:00:23,372 [WARN] DetailPanel:346 - Failed to get advertising image, set to default
2023-08-16 21:00:23,372 [FATAL] Updater:308 - Updater called before beeing initialized
2023-08-16 21:00:23,448 [ERROR] Updater:1120 - MainUpdater not yet initialized. External WinMGr cannot be set.
2023-08-16 21:00:23,458 [INFO] Updater:1056 - Updater Version found : 6.9.1
2023-08-16 21:00:23,480 [INFO] ApplicationProperties:184 - Using Application install path: C:\ST\STM32CubeIDE_1.12.1\STM32CubeIDE\plugins\com.st.stm32cube.common.mx_6.9.1.202307191849
2023-08-16 21:00:23,878 [INFO] MainUpdater:2868 - connection check result : 10
2023-08-16 21:00:23,888 [INFO] MainUpdater:285 - Updater Check For Update Now.
2023-08-16 21:00:23,888 [INFO] MicroXplorer:498 - Change Database Version : DB.6.0.91
2023-08-16 21:00:23,908 [INFO] McuFinderGlobals:63 - Set McuFinder mode to 2 (CubeIDE integrated)
2023-08-16 21:00:23,908 [INFO] UserAuth:179 - activating auth plugin
2023-08-16 21:00:23,908 [INFO] UserAuth:393 - Internet connection configuration mode: 1
2023-08-16 21:00:23,980 [INFO] JxBrowserEngine:151 - Initiate JxBrowser Engine with user profile folder
2023-08-16 21:00:24,158 [INFO] CheckServerUpdateThread:120 - End of CheckServer Thread
2023-08-16 21:00:26,079 [WARN] PackLoader:240 - Cannot read IP mode file for STMicroelectronics.X-CUBE-SMBUS.2.1.0
2023-08-16 21:00:26,198 [WARN] PackLoader:240 - Cannot read IP mode file for STMicroelectronics.X-CUBE-AZRTOS-F7.1.1.0
2023-08-16 21:00:26,279 [ERROR] RealEvaluatedCondition:428 - Found unsupported composite condition: CLASS='Data Exchange' GROUP='STM32_MetaDataManager'
2023-08-16 21:00:26,279 [ERROR] RealEvaluatedCondition:428 - Found unsupported composite condition: CLASS='Data Exchange' GROUP='STM32_MetaDataManager'
2023-08-16 21:00:26,279 [WARN] PackLoader:240 - Cannot read IP mode file for STMicroelectronics.FP-SNS-MOTENV1.4.3.0
2023-08-16 21:00:26,318 [WARN] PackLoader:240 - Cannot read IP mode file for STMicroelectronics.FP-SNS-MOTENV1.4.3.2
2023-08-16 21:00:26,340 [WARN] PackLoader:240 - Cannot read IP mode file for STMicroelectronics.FP-SNS-FLIGHT1.5.0.0
2023-08-16 21:00:26,371 [WARN] PackLoader:240 - Cannot read IP mode file for STMicroelectronics.X-CUBE-BLE1.6.2.4
2023-08-16 21:00:26,388 [WARN] PackLoader:240 - Cannot read IP mode file for STMicroelectronics.FP-SNS-FLIGHT1.5.0.2
2023-08-16 21:00:26,413 [WARN] PackLoader:240 - Cannot read IP mode file for STMicroelectronics.X-CUBE-DISPLAY.3.0.0
2023-08-16 21:00:26,438 [WARN] PackLoader:240 - Cannot read IP mode file for STMicroelectronics.X-CUBE-BLE1.7.0.0
2023-08-16 21:00:26,461 [WARN] PackLoader:240 - Cannot read IP mode file for STMicroelectronics.X-CUBE-TOUCHGFX.4.22.0
2023-08-16 21:00:26,507 [INFO] LogOutputStream:77 - [STDOUT_REDIRECT] 1 : Invalid condition id : UX_CORESTACK_Condition cause : null
2023-08-16 21:00:26,509 [INFO] LogOutputStream:77 - [STDOUT_REDIRECT] 1 : Invalid condition id : UX_CORESTACK_Condition cause : null
2023-08-16 21:00:26,512 [INFO] LogOutputStream:77 - [STDOUT_REDIRECT] 1 : Invalid condition id : UX_CORESTACK_Condition cause : null
2023-08-16 21:00:26,516 [INFO] LogOutputStream:77 - [STDOUT_REDIRECT] 1 : Invalid condition id : UX_CORESTACK_Condition cause : null
2023-08-16 21:00:26,519 [INFO] LogOutputStream:77 - [STDOUT_REDIRECT] 1 : Invalid condition id : UX_CORESTACK_Condition cause : null
2023-08-16 21:00:26,528 [WARN] PackLoader:240 - Cannot read IP mode file for STMicroelectronics.X-CUBE-AZRTOS-WL.2.0.0
2023-08-16 21:00:26,610 [WARN] PackLoader:240 - Cannot read IP mode file for WES.I-CUBE-Cesium.1.3.0
2023-08-16 21:00:26,641 [WARN] PackLoader:240 - Cannot read IP mode file for STMicroelectronics.X-CUBE-BLE2.3.3.0
2023-08-16 21:00:26,685 [WARN] PackLoader:240 - Cannot read IP mode file for STMicroelectronics.X-CUBE-TOUCHGFX.4.21.4
2023-08-16 21:00:26,710 [WARN] PackLoader:240 - Cannot read IP mode file for STMicroelectronics.X-CUBE-ALGOBUILD.1.3.0
2023-08-16 21:00:26,778 [WARN] PackLoader:240 - Cannot read IP mode file for STMicroelectronics.X-CUBE-AZRTOS-G0.1.1.0
2023-08-16 21:00:26,807 [WARN] PackLoader:240 - Cannot read IP mode file for STMicroelectronics.X-CUBE-NFC4.3.0.0
2023-08-16 21:00:26,826 [WARN] PackLoader:240 - Cannot read IP mode file for STMicroelectronics.FP-ATR-SIGFOX1.3.2.0
2023-08-16 21:00:26,916 [WARN] PackLoader:240 - Cannot read IP mode file for SEGGER.I-CUBE-embOS.1.3.1
2023-08-16 21:00:26,993 [WARN] PackLoader:240 - Cannot read IP mode file for STMicroelectronics.X-CUBE-GNSS1.6.0.0
2023-08-16 21:00:26,998 [INFO] WebApp:157 - Instantiating new browser for Auth
2023-08-16 21:00:27,073 [WARN] PackLoader:240 - Cannot read IP mode file for STMicroelectronics.X-CUBE-AZRTOS-F4.1.1.0
2023-08-16 21:00:27,105 [WARN] PackLoader:240 - Cannot read IP mode file for wolfSSL.I-CUBE-wolfSSL.5.6.0
2023-08-16 21:00:27,156 [WARN] PackLoader:240 - Cannot read IP mode file for STMicroelectronics.X-CUBE-AZRTOS-L5.2.0.0
2023-08-16 21:00:27,266 [WARN] PackLoader:240 - Cannot read IP mode file for STMicroelectronics.X-CUBE-MEMS1.9.6.0
2023-08-16 21:00:27,607 [WARN] PackLoader:240 - Cannot read IP mode file for emotas.I-CUBE-CANOPEN.1.1.3
2023-08-16 21:00:27,618 [WARN] PackLoader:240 - Cannot read IP mode file for STMicroelectronics.X-CUBE-BLEMGR.2.0.0
2023-08-16 21:00:27,648 [WARN] ConditionMgr:438 - getConditionDescription Invalid condition id : UX DEVICE CLASS RTOS Condition cause : null
2023-08-16 21:00:27,648 [WARN] ConditionMgr:438 - getConditionDescription Invalid condition id : UX DEVICE CLASS RTOS Condition cause : null
2023-08-16 21:00:27,648 [WARN] PackLoader:240 - Cannot read IP mode file for STMicroelectronics.X-CUBE-AZRTOS-H7.3.1.0
2023-08-16 21:00:27,648 [WARN] ConditionMgr:1039 - genDependencies : Invalid condition id : UX DEVICE CLASS RTOS Condition cause : null
2023-08-16 21:00:27,648 [WARN] ConditionMgr:1039 - genDependencies : Invalid condition id : UX DEVICE CLASS RTOS Condition cause : null
2023-08-16 21:00:27,658 [WARN] ConditionMgr:1039 - genDependencies : Invalid condition id : UX DEVICE CLASS RTOS Condition cause : null
2023-08-16 21:00:27,658 [WARN] ConditionMgr:1039 - genDependencies : Invalid condition id : UX DEVICE CLASS RTOS Condition cause : null
2023-08-16 21:00:27,658 [WARN] ConditionMgr:1039 - genDependencies : Invalid condition id : UX DEVICE CLASS RTOS Condition cause : null
2023-08-16 21:00:27,673 [WARN] PackLoader:240 - Cannot read IP mode file for STMicroelectronics.X-CUBE-NFC7.1.0.1
2023-08-16 21:00:27,688 [WARN] PackLoader:240 - Cannot read IP mode file for STMicroelectronics.X-CUBE-NFC7.1.0.0
2023-08-16 21:00:27,716 [WARN] PackLoader:240 - Cannot read IP mode file for STMicroelectronics.X-CUBE-EEPRMA1.4.1.0
2023-08-16 21:00:27,738 [WARN] PackLoader:240 - Cannot read IP mode file for STMicroelectronics.X-CUBE-AI.8.1.0
2023-08-16 21:00:27,784 [WARN] ConditionMgr:438 - getConditionDescription Invalid condition id : LAN8742 Phy interface Condition cause : null
2023-08-16 21:00:27,784 [WARN] PackLoader:240 - Cannot read IP mode file for STMicroelectronics.X-CUBE-AZRTOS-L4.2.0.0
2023-08-16 21:00:27,786 [WARN] ConditionMgr:1039 - genDependencies : Invalid condition id : LAN8742 Phy interface Condition cause : null
2023-08-16 21:00:27,786 [WARN] ConditionMgr:1039 - genDependencies : Invalid condition id : LAN8742 Phy interface Condition cause : null
2023-08-16 21:00:27,789 [WARN] ConditionMgr:1039 - genDependencies : Invalid condition id : LAN8742 Phy interface Condition cause : null
2023-08-16 21:00:27,814 [WARN] PackLoader:240 - Cannot read IP mode file for STMicroelectronics.X-CUBE-SFXS2LP1.4.0.0
2023-08-16 21:00:27,840 [WARN] PackLoader:240 - Cannot read IP mode file for STMicroelectronics.X-CUBE-ISPU.1.1.0
2023-08-16 21:00:27,872 [WARN] ConditionMgr:438 - getConditionDescription Invalid condition id : UX DEVICE CLASS RTOS Condition cause : null
2023-08-16 21:00:27,873 [WARN] ConditionMgr:438 - getConditionDescription Invalid condition id : UX DEVICE CLASS RTOS Condition cause : null
2023-08-16 21:00:27,875 [WARN] PackLoader:240 - Cannot read IP mode file for STMicroelectronics.X-CUBE-AZRTOS-WB.2.0.0
2023-08-16 21:00:27,876 [WARN] ConditionMgr:1039 - genDependencies : Invalid condition id : UX DEVICE CLASS RTOS Condition cause : null
2023-08-16 21:00:27,876 [WARN] ConditionMgr:1039 - genDependencies : Invalid condition id : UX DEVICE CLASS RTOS Condition cause : null
2023-08-16 21:00:27,878 [WARN] ConditionMgr:1039 - genDependencies : Invalid condition id : UX DEVICE CLASS RTOS Condition cause : null
2023-08-16 21:00:27,878 [WARN] ConditionMgr:1039 - genDependencies : Invalid condition id : UX DEVICE CLASS RTOS Condition cause : null
2023-08-16 21:00:27,878 [WARN] ConditionMgr:1039 - genDependencies : Invalid condition id : UX DEVICE CLASS RTOS Condition cause : null
2023-08-16 21:00:27,901 [WARN] PackLoader:240 - Cannot read IP mode file for STMicroelectronics.X-CUBE-FREERTOS.1.0.1
2023-08-16 21:00:27,941 [WARN] PackLoader:240 - Cannot read IP mode file for STMicroelectronics.X-CUBE-AZRTOS-L5.1.1.0
2023-08-16 21:00:27,956 [WARN] PackLoader:240 - Cannot read IP mode file for STMicroelectronics.X-CUBE-AI.8.0.1
2023-08-16 21:00:27,980 [WARN] PackLoader:240 - Cannot read IP mode file for STMicroelectronics.X-CUBE-SUBG2.5.0.0
2023-08-16 21:00:28,005 [WARN] PackLoader:240 - Cannot read IP mode file for STMicroelectronics.X-CUBE-TOF1.3.3.1
2023-08-16 21:00:28,050 [WARN] PackLoader:240 - Cannot read IP mode file for STMicroelectronics.X-CUBE-AZRTOS-G4.2.0.0
2023-08-16 21:00:28,073 [WARN] PackLoader:240 - Cannot read IP mode file for STMicroelectronics.X-CUBE-TOF1.3.3.0
2023-08-16 21:00:28,094 [INFO] WebApp:753 - Register for checkConnection events
2023-08-16 21:00:28,094 [INFO] WebApp:390 - Apply proxy settings
2023-08-16 21:00:28,094 [INFO] WebApp:475 - Chromium requires no authentication
2023-08-16 21:00:28,108 [INFO] WebApp:418 - Direct internet connection detected
2023-08-16 21:00:28,113 [WARN] PackLoader:240 - Cannot read IP mode file for STMicroelectronics.X-CUBE-AZRTOS-L4.1.0.0
2023-08-16 21:00:28,145 [WARN] PackLoader:240 - Cannot read IP mode file for STMicroelectronics.X-CUBE-AZRTOS-WL.1.0.0
2023-08-16 21:00:28,158 [WARN] PackLoader:240 - Cannot read IP mode file for portGmbH.I-Cube-SoM-uGOAL.1.1.0
2023-08-16 21:00:28,176 [WARN] PackLoader:240 - Cannot read IP mode file for STMicroelectronics.X-CUBE-ALS.1.0.1
2023-08-16 21:00:28,205 [WARN] PackLoader:240 - Cannot read IP mode file for STMicroelectronics.X-CUBE-AZRTOS-WB.1.1.0
2023-08-16 21:00:28,218 [WARN] PackLoader:240 - Cannot read IP mode file for STMicroelectronics.FP-ATR-ASTRA1.2.0.0
2023-08-16 21:00:28,218 [INFO] ThirdParty:978 - Integrity check success = true
2023-08-16 21:00:28,218 [INFO] IntegrityCheckThread:100 - exiting critical section [integrity check]
2023-08-16 21:00:28,218 [INFO] IntegrityCheckThread:103 - End integrity checks thread
2023-08-16 21:00:28,495 [INFO] WebApp:188 - Starting web application
2023-08-16 21:00:28,495 [INFO] WebApp:520 - Web application path used C:\ST\STM32CubeIDE_1.12.1\STM32CubeIDE\plugins\com.st.stm32cube.common.mx_6.9.1.202307191849\db\plugins\mcufinder\reactClient1\index.html
2023-08-16 21:00:49,712 [ERROR] LogOutputStream:75 - [STDERR_REDIRECT] SLF4J: Failed to load class "org.slf4j.impl.StaticLoggerBinder".
2023-08-16 21:00:49,712 [ERROR] LogOutputStream:75 - [STDERR_REDIRECT] SLF4J: Defaulting to no-operation (NOP) logger implementation
2023-08-16 21:00:49,714 [ERROR] LogOutputStream:75 - [STDERR_REDIRECT] SLF4J: See http://www.slf4j.org/codes.html#StaticLoggerBinder for further details.
2023-08-16 21:52:29,536 [ERROR] LogOutputStream:75 - [STDERR_REDIRECT] 
